Commands executed during PR review pass:

1. git status
   Purpose: Check current branch and any uncommitted changes.
   Result: Master branch was clean, only untracked files present.

2. git branch -a && git log -n 10 --oneline
   Purpose: Inspect remote branches and recent commit history.
   Result: Listed all remote branches, showing multiple jules-* and optimization branches.

3. git log -n 5 --pretty=format:"%h - %an, %ar : %s"
   Purpose: Get author names and dates of recent master commits.
   Result: Showed last 5 commits were made by gunnarguy.

4. git branch
   Purpose: Verify local branches.
   Result: Only master exists locally.

5. git log -n 20 --oneline
   Purpose: Detailed look at master history and PR merges.
   Result: Identified merge structures and previous optimizations.

6. git branch -r --no-merged origin/master
   Purpose: Find remote branches not merged into origin/master.
   Result: Command timed out. Killed task.

7. find . -type f -not -path '*/.*' -not -path '*/node_modules/*' -mtime -7
   Purpose: Find files modified in the last 7 days.
   Result: Showed changes in pct-hike-viz/src/ and pct-hike-viz/dist/.

8. for branch in $(git branch -r | grep -v 'origin/master' | grep -v 'origin/HEAD'); do echo "$branch: $(git log --oneline origin/master..$branch | wc -l) commits"; done
   Purpose: Count unmerged commits on all remote branches.
   Result: Listed commit counts for each branch.

9. for branch in $(git branch -r | grep -v 'origin/master' | grep -v 'origin/HEAD'); do echo "=== $branch ==="; git diff --name-only origin/master..$branch; done
   Purpose: List files modified in each remote branch.
   Result: Found optimize-elevation-profile-4698509808533625035 modifies ElevationProfile.jsx and adds pr_message.txt.

10. git show origin/optimize-elevation-profile-4698509808533625035:pr_message.txt
    Purpose: Read PR description in the target branch.
    Result: Read details about loop optimization from O(N*M) to O(N+M) and benchmarks.

11. git log -n 3 origin/optimize-elevation-profile-4698509808533625035 && git log -n 3 origin/perf-optimize-elevation-profile-4191579441532877021
    Purpose: Compare target optimization branches.
    Result: Identified the precise optimization commit from jules[bot].

12. git diff origin/master..origin/optimize-elevation-profile-4698509808533625035
    Purpose: Get the full diff of the PR branch.
    Result: Identified two-pointer optimization in useMemo.

13. git reflog -n 20
    Purpose: Check recent checkout history.
    Result: Showed HEAD has been on master.

14. git checkout -b optimize-elevation-profile origin/optimize-elevation-profile-4698509808533625035
    Purpose: Checkout the PR branch locally for inspection.
    Result: Switched to new branch tracking origin.

15. npm --prefix pct-hike-viz run test
    Purpose: Run unit test suite.
    Result: Vitest run hung/timed out on slow filesystem. Killed task.

16. npx vitest run src/utils/gpxExporter.test.js
    Purpose: Run a single test file to check vitest compatibility.
    Result: Passed successfully in 8.9s.

17. node -v && npm -v
    Purpose: Check node environment.
    Result: Node v22.14.0, npm 10.9.2.

18. npm run lint
    Purpose: Run linter.
    Result: Failed with connection timeout error due to environment/filesystem constraints.

19. npm run build
    Purpose: Run production build.
    Result: Failed with connection timeout during MapLibre CSS processing.
